Arguments: 
  /usr/local/bin/node /usr/local/Cellar/yarn/1.22.10/libexec/bin/yarn.js add @material-ui/core @material-ui/icon

PATH: 
  /Users/kittichan/.rvm/gems/ruby-2.7.2/bin:/Users/kittichan/.rvm/gems/ruby-2.7.2@global/bin:/Users/kittichan/.rvm/rubies/ruby-2.7.2/bin:/usr/local/Caskroom/google-cloud-sdk/latest/google-cloud-sdk/bin:/usr/local/bin:/usr/bin:/bin:/usr/sbin:/sbin:/Library/Apple/usr/bin:/Users/kittichan/Library/Android/sdk/emulator:/Users/kittichan/Library/Android/sdk/tools:/Users/kittichan/Library/Android/sdk/tools/bin:/Users/kittichan/Library/Android/sdk/platform:/Users/kittichan/Library/Android/sdk/platform-tools:/Users/kittichan/Documents/flutter/flutter/bin:/Users/kittichan/.rvm/bin

Yarn version: 
  1.22.10

Node version: 
  10.23.0

Platform: 
  darwin x64

Trace: 
  Error: https://registry.yarnpkg.com/@material-ui%2ficon: Not found
      at Request.params.callback [as _callback] (/usr/local/Cellar/yarn/1.22.10/libexec/lib/cli.js:66988:18)
      at Request.self.callback (/usr/local/Cellar/yarn/1.22.10/libexec/lib/cli.js:140749:22)
      at Request.emit (events.js:198:13)
      at Request.<anonymous> (/usr/local/Cellar/yarn/1.22.10/libexec/lib/cli.js:141721:10)
      at Request.emit (events.js:198:13)
      at IncomingMessage.<anonymous> (/usr/local/Cellar/yarn/1.22.10/libexec/lib/cli.js:141643:12)
      at Object.onceWrapper (events.js:286:20)
      at IncomingMessage.emit (events.js:203:15)
      at endReadableNT (_stream_readable.js:1145:12)
      at process._tickCallback (internal/process/next_tick.js:63:19)

npm manifest: 
  {
    "dependencies": {}
  }

yarn manifest: 
  No manifest

Lockfile: 
  # THIS IS AN AUTOGENERATED FILE. DO NOT EDIT THIS FILE DIRECTLY.
  # yarn lockfile v1
